 %% PLEASE DO NOT MODIFY OR DELETE THIS FILE! %% 
 %% This file contains information about the installation of an application. %% 
 %% It will be used to automatically remove all application components from your computer if you choose to do so. %% 


NOTE: Beginning of the bootstrapper section

CONFIG: Title: "AnnRobot"

ACTION: RegKey: "HKEY_LOCAL_MACHINE\SOFTWARE\Microsoft\Windows\CurrentVersion", "SharedDLLs"

ACTION: SystemFile: "C:\Windows\System32\VB6STKIT.DLL"
(File currently on disk was already up to date)

ACTION: SystemFile: "C:\Windows\System32\COMCAT.DLL"
(File currently on disk was already up to date)

ACTION: SystemFile: "C:\Windows\System32\STDOLE2.TLB"
(File currently on disk was already up to date)

ACTION: SystemFile: "C:\Windows\System32\ASYCFILT.DLL"
(File currently on disk was already up to date)

ACTION: SystemFile: "C:\Windows\System32\OLEPRO32.DLL"
(File currently on disk was already up to date)

ACTION: SystemFile: "C:\Windows\System32\OLEAUT32.DLL"
(File currently on disk was already up to date)

ACTION: SystemFile: "C:\Windows\System32\MSVBVM60.DLL"
(File currently on disk was already up to date)

ACTION: DllSelfRegister: "C:\WINDOWS\SYSTEM32\COMCAT.DLL"

ACTION: TLBRegister: "C:\WINDOWS\SYSTEM32\STDOLE2.TLB"

ACTION: DllSelfRegister: "C:\WINDOWS\SYSTEM32\OLEPRO32.DLL"

ACTION: DllSelfRegister: "C:\WINDOWS\SYSTEM32\OLEAUT32.DLL"

ACTION: DllSelfRegister: "C:\WINDOWS\SYSTEM32\MSVBVM60.DLL"

NOTE: End of the bootstrapper section

NOTE: Now spawning the main Setup program 'Setup1.exe'....

ACTION: PrivateFile: "c:\Development\AnnRobot.exe"
(File was not found or was an older version -- new file copied)

ACTION: ShellLink: "$(Programs)", "Icon2"

ACTION: RegKey: "HKEY_LOCAL_MACHINE\SOFTWARE\Microsoft\Windows\CurrentVersion", "App Paths\AnnRobot.exe"

ACTION: RegValue: "HKEY_LOCAL_MACHINE\SOFTWARE\Microsoft\Windows\CurrentVersion\App Paths\AnnRobot.exe", ""

